<?xml version="1.0" encoding="UTF-8"?>
<!-- Generated by org.testng.reporters.JUnitReportReporter -->
<testsuite hostname="RMoot06" failures="0" tests="1" name="com.bkstore.fastapi.tests.common.HealthCheckTests" time="1.675" errors="0" timestamp="2025-07-24T23:08:58 IST" skipped="0">
  <testcase classname="com.bkstore.fastapi.tests.common.HealthCheckTests" name="testApiHealthCheck" time="1.675"/>
</testsuite> <!-- com.bkstore.fastapi.tests.common.HealthCheckTests -->
