<?xml version="1.0" encoding="UTF-8"?>
<!-- Generated by org.testng.reporters.JUnitReportReporter -->
<testsuite hostname="RMoot06" failures="0" tests="8" name="com.bkstore.fastapi.tests.BookTests" time="0.983" errors="0" timestamp="2025-07-24T23:08:58 IST" skipped="0">
  <testcase classname="com.bkstore.fastapi.tests.BookTests" name="testCreateBook_Positive" time="0.185"/>
  <testcase classname="com.bkstore.fastapi.tests.BookTests" name="testGetBookById_Positive" time="0.049"/>
  <testcase classname="com.bkstore.fastapi.tests.BookTests" name="testUpdateBookById_Positive" time="0.445"/>
  <testcase classname="com.bkstore.fastapi.tests.BookTests" name="testDeleteBookById_Positive" time="0.129"/>
  <testcase classname="com.bkstore.fastapi.tests.BookTests" name="testGetAllBooks_Positive" time="0.065"/>
  <testcase classname="com.bkstore.fastapi.tests.BookTests" name="testCreateBook_NoAuth_Negative" time="0.032"/>
  <testcase classname="com.bkstore.fastapi.tests.BookTests" name="testGetBookById_NotFound_Negative" time="0.032"/>
  <testcase classname="com.bkstore.fastapi.tests.BookTests" name="testDeleteBookById_NotFound_Negative" time="0.046"/>
</testsuite> <!-- com.bkstore.fastapi.tests.BookTests -->
